<?xml version="1.0" encoding="UTF-8"?>
<testsuite name="zopa.calculator.controller.MainControllerSpec" tests="5" skipped="0" failures="0" errors="0" timestamp="2019-02-24T20:37:14" hostname="MC02QXC2MG8WN" time="0.07">
  <properties/>
  <testcase name="The application runs successfully Req[04,05,06,07,08,09]" classname="zopa.calculator.controller.MainControllerSpec" time="0.053"/>
  <testcase name="There is not enough capital to provide a quote Req[13]" classname="zopa.calculator.controller.MainControllerSpec" time="0.011"/>
  <testcase name="The application throws an exception when no args are passed Req[01]" classname="zopa.calculator.controller.MainControllerSpec" time="0.002"/>
  <testcase name="The application throws an exception when one arg are passed Req[01]" classname="zopa.calculator.controller.MainControllerSpec" time="0.001"/>
  <testcase name="The application throws an exception when three args are passed Req[01]" classname="zopa.calculator.controller.MainControllerSpec" time="0.001"/>
  <system-out><![CDATA[]]></system-out>
  <system-err><![CDATA[Feb 24, 2019 8:37:14 PM org.codehaus.groovy.runtime.callsite.PlainObjectMetaMethodSite doInvoke
INFO: Configuring com.athaydes.spockframework.report.SpockReportExtension
Feb 24, 2019 8:37:14 PM org.codehaus.groovy.runtime.callsite.PlainObjectMetaMethodSite doInvoke
INFO: SpockReports config loaded: [com.athaydes.spockframework.report.template.TemplateReportCreator.reportFileExtension:md, com.athaydes.spockframework.report.template.TemplateReportCreator.specTemplateFile:/templateReportCreator/spec-template.md, com.athaydes.spockframework.report.IReportCreator:com.athaydes.spockframework.report.internal.HtmlReportCreator, com.athaydes.spockframework.report.template.TemplateReportCreator.summaryTemplateFile:/templateReportCreator/summary-template.md, com.athaydes.spockframework.report.internal.HtmlReportCreator.summaryReportCss:spock-summary-report.css, com.athaydes.spockframework.report.template.TemplateReportCreator.summaryFileName:summary.md, com.athaydes.spockframework.report.internal.HtmlReportCreator.featureReportCss:spock-feature-report.css, com.athaydes.spockframework.report.hideEmptyBlocks:false, com.athaydes.spockframework.report.outputDir:build/spock-reports]
Feb 24, 2019 8:37:14 PM org.codehaus.groovy.runtime.callsite.PlainObjectMetaMethodSite doInvoke
INFO: Loading settings for reportCreator of type com.athaydes.spockframework.report.internal.HtmlReportCreator
]]></system-err>
</testsuite>
