<?xml version="1.0" encoding="UTF-8"?>
<testsuite name="zopa.calculator.service.LendersCsvReaderServiceImplSpec" tests="4" skipped="0" failures="0" errors="0" timestamp="2019-02-24T20:37:15" hostname="MC02QXC2MG8WN" time="0.024">
  <properties/>
  <testcase name="Csv reader file service must read the file successfully Req[02]" classname="zopa.calculator.service.LendersCsvReaderServiceImplSpec" time="0.018"/>
  <testcase name="Csv reader file service must throw and exception when the file does not exist" classname="zopa.calculator.service.LendersCsvReaderServiceImplSpec" time="0.004"/>
  <testcase name="Csv reader file service must throw and exception when the file contains invalid data" classname="zopa.calculator.service.LendersCsvReaderServiceImplSpec" time="0.0"/>
  <testcase name="Csv reader file service must throw and exception when the file is corrupted" classname="zopa.calculator.service.LendersCsvReaderServiceImplSpec" time="0.0"/>
  <system-out><![CDATA[]]></system-out>
  <system-err><![CDATA[]]></system-err>
</testsuite>
