<?xml version="1.0" encoding="UTF-8"?>
<testsuite name="zopa.calculator.RateCalculatorRunnerSpec" tests="3" skipped="0" failures="0" errors="0" timestamp="2019-02-23T11:49:34" hostname="MC02QXC2MG8WN" time="0.017">
  <properties/>
  <testcase name="The application throws an exception when no args are passed Req[01]" classname="zopa.calculator.RateCalculatorRunnerSpec" time="0.016"/>
  <testcase name="The application throws an exception when one arg are passed Req[01]" classname="zopa.calculator.RateCalculatorRunnerSpec" time="0.001"/>
  <testcase name="The application throws an exception when three args are passed Req[01]" classname="zopa.calculator.RateCalculatorRunnerSpec" time="0.0"/>
  <system-out><![CDATA[]]></system-out>
  <system-err><![CDATA[Feb 23, 2019 11:49:33 AM org.codehaus.groovy.runtime.callsite.PlainObjectMetaMethodSite doInvoke
INFO: Configuring com.athaydes.spockframework.report.SpockReportExtension
Feb 23, 2019 11:49:34 AM org.codehaus.groovy.runtime.callsite.PlainObjectMetaMethodSite doInvoke
INFO: SpockReports config loaded: [com.athaydes.spockframework.report.template.TemplateReportCreator.reportFileExtension:md, com.athaydes.spockframework.report.template.TemplateReportCreator.specTemplateFile:/templateReportCreator/spec-template.md, com.athaydes.spockframework.report.IReportCreator:com.athaydes.spockframework.report.internal.HtmlReportCreator, com.athaydes.spockframework.report.template.TemplateReportCreator.summaryTemplateFile:/templateReportCreator/summary-template.md, com.athaydes.spockframework.report.internal.HtmlReportCreator.summaryReportCss:spock-summary-report.css, com.athaydes.spockframework.report.template.TemplateReportCreator.summaryFileName:summary.md, com.athaydes.spockframework.report.internal.HtmlReportCreator.featureReportCss:spock-feature-report.css, com.athaydes.spockframework.report.hideEmptyBlocks:false, com.athaydes.spockframework.report.outputDir:build/spock-reports]
Feb 23, 2019 11:49:34 AM org.codehaus.groovy.runtime.callsite.PlainObjectMetaMethodSite doInvoke
INFO: Loading settings for reportCreator of type com.athaydes.spockframework.report.internal.HtmlReportCreator
]]></system-err>
</testsuite>
