<?xml version="1.0" encoding="UTF-8"?>
<testsuite name="ACTest" tests="2" skipped="0" failures="0" errors="0" timestamp="2019-02-09T20:03:09" hostname="MC02QXC2MG8WN" time="0.001">
  <properties/>
  <testcase name="test1" classname="ACTest" time="0.001"/>
  <testcase name="test2" classname="ACTest" time="0.0"/>
  <system-out><![CDATA[]]></system-out>
  <system-err><![CDATA[]]></system-err>
</testsuite>
